ERROR 2020-03-18T13:07:39.189 ..\..\qModMaster\src\modbusadapter.cpp @ 134 Connection to IP :  "127.000.000.001" : 502 ...failed. Could not connect to TCP port 
 WARN 2020-03-18T13:14:44.307 ..\..\qModMaster\src\mainwindow.cpp @ 167 TCP settings changes rejected  
 WARN 2020-03-18T13:14:51.161 ..\..\qModMaster\src\mainwindow.cpp @ 183 Settings changes rejected  
ERROR 2020-03-18T13:15:05.702 ..\..\qModMaster\src\modbusadapter.cpp @ 276 Read Data failed.  "Error : Slave device or server failure" 
ERROR 2020-03-18T13:15:15.870 ..\..\qModMaster\src\modbusadapter.cpp @ 276 Read Data failed.  "Error : Slave device or server failure" 
 WARN 2020-03-18T13:15:26.592 ..\..\qModMaster\src\mainwindow.cpp @ 183 Settings changes rejected  
ERROR 2020-03-18T13:15:29.683 ..\..\qModMaster\src\modbusadapter.cpp @ 276 Read Data failed.  "Error : Slave device or server failure" 
ERROR 2020-03-18T13:15:30.697 ..\..\qModMaster\src\modbusadapter.cpp @ 276 Read Data failed.  "Error : Slave device or server failure" 
ERROR 2020-03-18T13:15:31.711 ..\..\qModMaster\src\modbusadapter.cpp @ 276 Read Data failed.  "Error : Slave device or server failure" 
ERROR 2020-03-18T13:15:32.725 ..\..\qModMaster\src\modbusadapter.cpp @ 276 Read Data failed.  "Error : Slave device or server failure" 
ERROR 2020-03-18T13:15:33.740 ..\..\qModMaster\src\modbusadapter.cpp @ 276 Read Data failed.  "Error : Slave device or server failure" 
ERROR 2020-03-18T13:15:34.753 ..\..\qModMaster\src\modbusadapter.cpp @ 276 Read Data failed.  "Error : Slave device or server failure" 
ERROR 2020-03-18T13:15:35.767 ..\..\qModMaster\src\modbusadapter.cpp @ 276 Read Data failed.  "Error : Slave device or server failure" 
ERROR 2020-03-18T13:19:11.564 ..\..\qModMaster\src\modbusadapter.cpp @ 276 Read Data failed.  "Error : Slave device or server failure" 
ERROR 2020-03-18T13:19:12.578 ..\..\qModMaster\src\modbusadapter.cpp @ 276 Read Data failed.  "Error : Slave device or server failure" 
ERROR 2020-03-18T13:19:13.593 ..\..\qModMaster\src\modbusadapter.cpp @ 276 Read Data failed.  "Error : Slave device or server failure" 
ERROR 2020-03-18T13:19:14.606 ..\..\qModMaster\src\modbusadapter.cpp @ 276 Read Data failed.  "Error : Slave device or server failure" 
ERROR 2020-03-18T14:07:59.493 ..\..\qModMaster\src\modbusadapter.cpp @ 134 Connection to IP :  "192.168.100.103" : 502 ...failed. Could not connect to TCP port 
ERROR 2020-03-18T14:08:06.398 ..\..\qModMaster\src\modbusadapter.cpp @ 134 Connection to IP :  "192.168.100.103" : 502 ...failed. Could not connect to TCP port 
ERROR 2020-03-18T14:08:21.853 ..\..\qModMaster\src\modbusadapter.cpp @ 134 Connection to IP :  "192.168.100.103" : 502 ...failed. Could not connect to TCP port 
ERROR 2020-03-18T14:08:31.781 ..\..\qModMaster\src\modbusadapter.cpp @ 134 Connection to IP :  "192.168.100.103" : 502 ...failed. Could not connect to TCP port 
ERROR 2020-03-18T14:08:49.140 ..\..\qModMaster\src\modbusadapter.cpp @ 134 Connection to IP :  "192.168.100.103" : 502 ...failed. Could not connect to TCP port 
ERROR 2020-03-18T14:09:10.465 ..\..\qModMaster\src\modbusadapter.cpp @ 276 Read Data failed.  "Error : Illegal data address" 
ERROR 2020-03-18T14:09:11.479 ..\..\qModMaster\src\modbusadapter.cpp @ 276 Read Data failed.  "Error : Illegal data address" 
ERROR 2020-03-18T14:09:12.493 ..\..\qModMaster\src\modbusadapter.cpp @ 276 Read Data failed.  "Error : Illegal data address" 
ERROR 2020-03-18T14:09:13.506 ..\..\qModMaster\src\modbusadapter.cpp @ 276 Read Data failed.  "Error : Illegal data address" 
ERROR 2020-03-18T14:09:14.520 ..\..\qModMaster\src\modbusadapter.cpp @ 276 Read Data failed.  "Error : Illegal data address" 
ERROR 2020-03-18T14:09:15.534 ..\..\qModMaster\src\modbusadapter.cpp @ 276 Read Data failed.  "Error : Illegal data address" 
ERROR 2020-03-18T14:09:16.548 ..\..\qModMaster\src\modbusadapter.cpp @ 276 Read Data failed.  "Error : Illegal data address" 
ERROR 2020-03-18T14:09:17.563 ..\..\qModMaster\src\modbusadapter.cpp @ 276 Read Data failed.  "Error : Illegal data address" 
ERROR 2020-03-18T14:09:18.577 ..\..\qModMaster\src\modbusadapter.cpp @ 276 Read Data failed.  "Error : Illegal data address" 
ERROR 2020-03-18T14:09:19.591 ..\..\qModMaster\src\modbusadapter.cpp @ 276 Read Data failed.  "Error : Illegal data address" 
ERROR 2020-03-18T14:09:20.604 ..\..\qModMaster\src\modbusadapter.cpp @ 276 Read Data failed.  "Error : Illegal data address" 
ERROR 2020-03-18T14:09:25.707 ..\..\qModMaster\src\modbusadapter.cpp @ 276 Read Data failed.  "Error : Illegal data address" 
ERROR 2020-03-18T14:09:26.721 ..\..\qModMaster\src\modbusadapter.cpp @ 276 Read Data failed.  "Error : Illegal data address" 
ERROR 2020-03-18T14:09:27.735 ..\..\qModMaster\src\modbusadapter.cpp @ 276 Read Data failed.  "Error : Illegal data address" 
ERROR 2020-03-18T14:09:28.749 ..\..\qModMaster\src\modbusadapter.cpp @ 276 Read Data failed.  "Error : Illegal data address" 
ERROR 2020-03-18T14:09:29.763 ..\..\qModMaster\src\modbusadapter.cpp @ 276 Read Data failed.  "Error : Illegal data address" 
ERROR 2020-03-18T14:09:30.777 ..\..\qModMaster\src\modbusadapter.cpp @ 276 Read Data failed.  "Error : Illegal data address" 
ERROR 2020-03-18T14:09:51.665 ..\..\qModMaster\src\modbusadapter.cpp @ 276 Read Data failed.  "Error : Illegal data address" 
ERROR 2020-03-18T14:09:52.677 ..\..\qModMaster\src\modbusadapter.cpp @ 276 Read Data failed.  "Error : Illegal data address" 
ERROR 2020-03-18T14:09:53.692 ..\..\qModMaster\src\modbusadapter.cpp @ 276 Read Data failed.  "Error : Illegal data address" 
ERROR 2020-03-18T14:09:54.707 ..\..\qModMaster\src\modbusadapter.cpp @ 276 Read Data failed.  "Error : Illegal data address" 
ERROR 2020-03-19T09:03:59.289 ..\..\qModMaster\src\modbusadapter.cpp @ 276 Read Data failed.  "Error : Illegal data address" 
ERROR 2020-03-19T09:04:00.302 ..\..\qModMaster\src\modbusadapter.cpp @ 276 Read Data failed.  "Error : Illegal data address" 
ERROR 2020-03-19T09:04:01.317 ..\..\qModMaster\src\modbusadapter.cpp @ 276 Read Data failed.  "Error : Illegal data address" 
ERROR 2020-03-19T09:04:07.229 ..\..\qModMaster\src\modbusadapter.cpp @ 276 Read Data failed.  "Error : Illegal data address" 
ERROR 2020-03-19T09:04:16.200 ..\..\qModMaster\src\modbusadapter.cpp @ 276 Read Data failed.  "Error : Illegal data address" 
ERROR 2020-03-19T09:04:21.363 ..\..\qModMaster\src\modbusadapter.cpp @ 276 Read Data failed.  "Error : Illegal data address" 
ERROR 2020-03-19T12:59:30.422 ..\..\qModMaster\src\modbusadapter.cpp @ 276 Read Data failed.  "Error : Timeout" 
ERROR 2020-03-19T12:59:31.436 ..\..\qModMaster\src\modbusadapter.cpp @ 276 Read Data failed.  "Error : Timeout" 
ERROR 2020-03-19T12:59:32.449 ..\..\qModMaster\src\modbusadapter.cpp @ 276 Read Data failed.  "Error : Timeout" 
ERROR 2020-03-19T12:59:33.463 ..\..\qModMaster\src\modbusadapter.cpp @ 276 Read Data failed.  "Error : Timeout" 
ERROR 2020-03-19T12:59:34.477 ..\..\qModMaster\src\modbusadapter.cpp @ 276 Read Data failed.  "Error : Timeout" 
ERROR 2020-03-19T12:59:35.491 ..\..\qModMaster\src\modbusadapter.cpp @ 276 Read Data failed.  "Error : Timeout" 
ERROR 2020-03-19T12:59:36.505 ..\..\qModMaster\src\modbusadapter.cpp @ 276 Read Data failed.  "Error : Timeout" 
ERROR 2020-03-19T12:59:37.519 ..\..\qModMaster\src\modbusadapter.cpp @ 276 Read Data failed.  "Error : Timeout" 
ERROR 2020-03-19T12:59:38.533 ..\..\qModMaster\src\modbusadapter.cpp @ 276 Read Data failed.  "Error : Timeout" 
ERROR 2020-03-19T12:59:39.547 ..\..\qModMaster\src\modbusadapter.cpp @ 276 Read Data failed.  "Error : Timeout" 
ERROR 2020-03-19T12:59:40.561 ..\..\qModMaster\src\modbusadapter.cpp @ 276 Read Data failed.  "Error : Timeout" 
ERROR 2020-03-19T12:59:41.575 ..\..\qModMaster\src\modbusadapter.cpp @ 276 Read Data failed.  "Error : Timeout" 
ERROR 2020-03-19T12:59:42.589 ..\..\qModMaster\src\modbusadapter.cpp @ 276 Read Data failed.  "Error : Timeout" 
ERROR 2020-03-19T12:59:43.603 ..\..\qModMaster\src\modbusadapter.cpp @ 276 Read Data failed.  "Error : Timeout" 
ERROR 2020-03-19T12:59:44.617 ..\..\qModMaster\src\modbusadapter.cpp @ 276 Read Data failed.  "Error : Timeout" 
ERROR 2020-03-19T12:59:45.631 ..\..\qModMaster\src\modbusadapter.cpp @ 276 Read Data failed.  "Error : Timeout" 
ERROR 2020-03-19T12:59:46.645 ..\..\qModMaster\src\modbusadapter.cpp @ 276 Read Data failed.  "Error : Timeout" 
ERROR 2020-03-19T12:59:47.659 ..\..\qModMaster\src\modbusadapter.cpp @ 276 Read Data failed.  "Error : Timeout" 
ERROR 2020-03-19T12:59:48.674 ..\..\qModMaster\src\modbusadapter.cpp @ 276 Read Data failed.  "Error : Timeout" 
ERROR 2020-03-19T12:59:49.688 ..\..\qModMaster\src\modbusadapter.cpp @ 276 Read Data failed.  "Error : Timeout" 
ERROR 2020-03-19T12:59:50.702 ..\..\qModMaster\src\modbusadapter.cpp @ 276 Read Data failed.  "Error : Timeout" 
ERROR 2020-03-19T12:59:51.223 ..\..\qModMaster\src\modbusadapter.cpp @ 276 Read Data failed.  "Error : No error" 
ERROR 2020-03-19T12:59:52.229 ..\..\qModMaster\src\modbusadapter.cpp @ 276 Read Data failed.  "Error : No error" 
ERROR 2020-03-19T12:59:53.243 ..\..\qModMaster\src\modbusadapter.cpp @ 276 Read Data failed.  "Error : No error" 
ERROR 2020-03-19T12:59:54.257 ..\..\qModMaster\src\modbusadapter.cpp @ 276 Read Data failed.  "Error : No error" 
ERROR 2020-03-19T12:59:55.271 ..\..\qModMaster\src\modbusadapter.cpp @ 276 Read Data failed.  "Error : No error" 
ERROR 2020-03-19T12:59:56.285 ..\..\qModMaster\src\modbusadapter.cpp @ 276 Read Data failed.  "Error : No error" 
ERROR 2020-03-19T12:59:57.299 ..\..\qModMaster\src\modbusadapter.cpp @ 276 Read Data failed.  "Error : No error" 
ERROR 2020-03-19T12:59:58.313 ..\..\qModMaster\src\modbusadapter.cpp @ 276 Read Data failed.  "Error : No error" 
ERROR 2020-03-19T12:59:59.327 ..\..\qModMaster\src\modbusadapter.cpp @ 276 Read Data failed.  "Error : No error" 
ERROR 2020-03-19T13:00:00.341 ..\..\qModMaster\src\modbusadapter.cpp @ 276 Read Data failed.  "Error : No error" 
ERROR 2020-03-19T13:00:01.355 ..\..\qModMaster\src\modbusadapter.cpp @ 276 Read Data failed.  "Error : No error" 
ERROR 2020-03-19T15:18:18.769 ..\..\qModMaster\src\modbusadapter.cpp @ 276 Read Data failed.  "Error : Illegal data address" 
ERROR 2020-03-19T15:18:19.783 ..\..\qModMaster\src\modbusadapter.cpp @ 276 Read Data failed.  "Error : Illegal data address" 
ERROR 2020-03-19T15:18:20.797 ..\..\qModMaster\src\modbusadapter.cpp @ 276 Read Data failed.  "Error : Illegal data address" 
 WARN 2020-03-19T17:23:01.385 ..\..\qModMaster\src\mainwindow.cpp @ 167 TCP settings changes rejected  
 WARN 2020-03-19T17:23:05.699 ..\..\qModMaster\src\mainwindow.cpp @ 183 Settings changes rejected  
 WARN 2020-03-19T17:29:28.427 ..\..\qModMaster\src\mainwindow.cpp @ 183 Settings changes rejected  
ERROR 2020-03-19T17:30:20.265 ..\..\qModMaster\forms\tools.cpp @ 201 Read diagnostics data failed.  "Error : Slave device or server failure" 
 WARN 2020-03-19T17:35:56.265 ..\..\qModMaster\src\mainwindow.cpp @ 167 TCP settings changes rejected  
 WARN 2020-03-20T09:58:45.596 ..\..\qModMaster\src\mainwindow.cpp @ 167 TCP settings changes rejected  
ERROR 2020-03-20T11:48:44.094 ..\..\qModMaster\src\modbusadapter.cpp @ 276 Read Data failed.  "Error : Timeout" 
ERROR 2020-03-20T11:48:45.108 ..\..\qModMaster\src\modbusadapter.cpp @ 276 Read Data failed.  "Error : Timeout" 
ERROR 2020-03-20T11:48:46.121 ..\..\qModMaster\src\modbusadapter.cpp @ 276 Read Data failed.  "Error : Timeout" 
ERROR 2020-03-20T11:48:47.136 ..\..\qModMaster\src\modbusadapter.cpp @ 276 Read Data failed.  "Error : Timeout" 
ERROR 2020-03-20T11:49:01.426 ..\..\qModMaster\src\modbusadapter.cpp @ 276 Read Data failed.  "Error : Slave device or server failure" 
ERROR 2020-03-20T11:49:02.440 ..\..\qModMaster\src\modbusadapter.cpp @ 276 Read Data failed.  "Error : Slave device or server failure" 
ERROR 2020-03-20T11:49:03.453 ..\..\qModMaster\src\modbusadapter.cpp @ 276 Read Data failed.  "Error : Slave device or server failure" 
ERROR 2020-03-20T11:49:04.469 ..\..\qModMaster\src\modbusadapter.cpp @ 276 Read Data failed.  "Error : Slave device or server failure" 
ERROR 2020-03-20T11:49:18.336 ..\..\qModMaster\src\modbusadapter.cpp @ 276 Read Data failed.  "Error : Slave device or server failure" 
ERROR 2020-03-20T11:49:19.349 ..\..\qModMaster\src\modbusadapter.cpp @ 276 Read Data failed.  "Error : Slave device or server failure" 
ERROR 2020-03-20T11:50:23.638 ..\..\qModMaster\src\modbusadapter.cpp @ 276 Read Data failed.  "Error : Slave device or server failure" 
ERROR 2020-03-20T11:50:24.651 ..\..\qModMaster\src\modbusadapter.cpp @ 276 Read Data failed.  "Error : Slave device or server failure" 
ERROR 2020-03-20T11:50:51.422 ..\..\qModMaster\src\modbusadapter.cpp @ 276 Read Data failed.  "Error : Slave device or server failure" 
ERROR 2020-03-20T11:50:56.711 ..\..\qModMaster\src\modbusadapter.cpp @ 276 Read Data failed.  "Error : Slave device or server failure" 
ERROR 2020-03-20T11:50:57.725 ..\..\qModMaster\src\modbusadapter.cpp @ 276 Read Data failed.  "Error : Slave device or server failure" 
ERROR 2020-03-20T12:53:42.389 ..\..\qModMaster\src\modbusadapter.cpp @ 276 Read Data failed.  "Error : Slave device or server failure" 
ERROR 2020-03-20T12:53:43.401 ..\..\qModMaster\src\modbusadapter.cpp @ 276 Read Data failed.  "Error : Slave device or server failure" 
ERROR 2020-03-20T12:53:44.416 ..\..\qModMaster\src\modbusadapter.cpp @ 276 Read Data failed.  "Error : Slave device or server failure" 
ERROR 2020-03-20T12:53:45.431 ..\..\qModMaster\src\modbusadapter.cpp @ 276 Read Data failed.  "Error : Slave device or server failure" 
ERROR 2020-03-20T12:53:46.444 ..\..\qModMaster\src\modbusadapter.cpp @ 276 Read Data failed.  "Error : Slave device or server failure" 
ERROR 2020-03-20T12:53:47.458 ..\..\qModMaster\src\modbusadapter.cpp @ 276 Read Data failed.  "Error : Slave device or server failure" 
ERROR 2020-03-20T12:53:50.359 ..\..\qModMaster\src\modbusadapter.cpp @ 276 Read Data failed.  "Error : Slave device or server failure" 
ERROR 2020-03-20T12:53:51.373 ..\..\qModMaster\src\modbusadapter.cpp @ 276 Read Data failed.  "Error : Slave device or server failure" 
ERROR 2020-03-20T12:54:20.202 ..\..\qModMaster\src\modbusadapter.cpp @ 276 Read Data failed.  "Error : Slave device or server failure" 
ERROR 2020-03-20T12:54:21.215 ..\..\qModMaster\src\modbusadapter.cpp @ 276 Read Data failed.  "Error : Slave device or server failure" 
ERROR 2020-03-20T12:54:51.854 ..\..\qModMaster\src\modbusadapter.cpp @ 276 Read Data failed.  "Error : Slave device or server failure" 
ERROR 2020-03-20T12:54:52.868 ..\..\qModMaster\src\modbusadapter.cpp @ 276 Read Data failed.  "Error : Slave device or server failure" 
ERROR 2020-03-20T12:54:53.883 ..\..\qModMaster\src\modbusadapter.cpp @ 276 Read Data failed.  "Error : Slave device or server failure" 
ERROR 2020-03-20T12:54:54.897 ..\..\qModMaster\src\modbusadapter.cpp @ 276 Read Data failed.  "Error : Slave device or server failure" 
ERROR 2020-03-20T12:54:55.911 ..\..\qModMaster\src\modbusadapter.cpp @ 276 Read Data failed.  "Error : Slave device or server failure" 
ERROR 2020-03-20T12:55:02.635 ..\..\qModMaster\src\modbusadapter.cpp @ 276 Read Data failed.  "Error : Slave device or server failure" 
ERROR 2020-03-20T12:55:03.649 ..\..\qModMaster\src\modbusadapter.cpp @ 276 Read Data failed.  "Error : Slave device or server failure" 
ERROR 2020-03-20T12:55:10.074 ..\..\qModMaster\src\modbusadapter.cpp @ 276 Read Data failed.  "Error : Slave device or server failure" 
ERROR 2020-03-20T12:55:11.090 ..\..\qModMaster\src\modbusadapter.cpp @ 276 Read Data failed.  "Error : Slave device or server failure" 
ERROR 2020-03-20T12:56:49.791 ..\..\qModMaster\src\modbusadapter.cpp @ 276 Read Data failed.  "Error : Slave device or server failure" 
ERROR 2020-03-20T12:56:50.805 ..\..\qModMaster\src\modbusadapter.cpp @ 276 Read Data failed.  "Error : Slave device or server failure" 
ERROR 2020-03-20T12:56:58.464 ..\..\qModMaster\src\modbusadapter.cpp @ 276 Read Data failed.  "Error : Slave device or server failure" 
ERROR 2020-03-20T12:56:59.503 ..\..\qModMaster\src\modbusadapter.cpp @ 276 Read Data failed.  "Error : Slave device or server failure" 
ERROR 2020-03-20T12:57:00.492 ..\..\qModMaster\src\modbusadapter.cpp @ 276 Read Data failed.  "Error : Slave device or server failure" 
ERROR 2020-03-20T13:09:51.096 ..\..\qModMaster\src\modbusadapter.cpp @ 134 Connection to IP :  "192.168.100.103" : 502 ...failed. Could not connect to TCP port 
ERROR 2020-03-20T13:09:54.266 ..\..\qModMaster\src\modbusadapter.cpp @ 134 Connection to IP :  "192.168.100.103" : 502 ...failed. Could not connect to TCP port 
ERROR 2020-03-20T13:11:02.096 ..\..\qModMaster\src\modbusadapter.cpp @ 134 Connection to IP :  "192.168.100.103" : 502 ...failed. Could not connect to TCP port 
ERROR 2020-03-20T13:11:03.120 ..\..\qModMaster\src\modbusadapter.cpp @ 134 Connection to IP :  "192.168.100.103" : 502 ...failed. Could not connect to TCP port 
ERROR 2020-03-20T13:11:03.627 ..\..\qModMaster\src\modbusadapter.cpp @ 134 Connection to IP :  "192.168.100.103" : 502 ...failed. Could not connect to TCP port 
ERROR 2020-03-20T13:11:04.139 ..\..\qModMaster\src\modbusadapter.cpp @ 134 Connection to IP :  "192.168.100.103" : 502 ...failed. Could not connect to TCP port 
ERROR 2020-03-20T13:11:04.656 ..\..\qModMaster\src\modbusadapter.cpp @ 134 Connection to IP :  "192.168.100.103" : 502 ...failed. Could not connect to TCP port 
ERROR 2020-03-20T13:11:05.167 ..\..\qModMaster\src\modbusadapter.cpp @ 134 Connection to IP :  "192.168.100.103" : 502 ...failed. Could not connect to TCP port 
ERROR 2020-03-20T13:11:05.683 ..\..\qModMaster\src\modbusadapter.cpp @ 134 Connection to IP :  "192.168.100.103" : 502 ...failed. Could not connect to TCP port 
ERROR 2020-03-20T13:11:06.189 ..\..\qModMaster\src\modbusadapter.cpp @ 134 Connection to IP :  "192.168.100.103" : 502 ...failed. Could not connect to TCP port 
ERROR 2020-03-20T13:11:06.695 ..\..\qModMaster\src\modbusadapter.cpp @ 134 Connection to IP :  "192.168.100.103" : 502 ...failed. Could not connect to TCP port 
ERROR 2020-03-20T13:11:07.202 ..\..\qModMaster\src\modbusadapter.cpp @ 134 Connection to IP :  "192.168.100.103" : 502 ...failed. Could not connect to TCP port 
ERROR 2020-03-20T13:11:07.710 ..\..\qModMaster\src\modbusadapter.cpp @ 134 Connection to IP :  "192.168.100.103" : 502 ...failed. Could not connect to TCP port 
ERROR 2020-03-20T13:11:08.218 ..\..\qModMaster\src\modbusadapter.cpp @ 134 Connection to IP :  "192.168.100.103" : 502 ...failed. Could not connect to TCP port 
ERROR 2020-03-20T13:11:08.785 ..\..\qModMaster\src\modbusadapter.cpp @ 134 Connection to IP :  "192.168.100.103" : 502 ...failed. Could not connect to TCP port 
ERROR 2020-03-20T13:11:25.189 ..\..\qModMaster\src\modbusadapter.cpp @ 134 Connection to IP :  "192.168.100.103" : 502 ...failed. Could not connect to TCP port 
 WARN 2020-03-20T13:11:33.212 ..\..\qModMaster\src\mainwindow.cpp @ 152 RTU settings changes rejected  
ERROR 2020-03-20T13:12:25.858 ..\..\qModMaster\src\modbusadapter.cpp @ 134 Connection to IP :  "192.168.100.103" : 502 ...failed. Could not connect to TCP port 
ERROR 2020-03-20T13:12:38.736 ..\..\qModMaster\src\modbusadapter.cpp @ 276 Read Data failed.  "Error : Slave device or server failure" 
ERROR 2020-03-20T13:12:39.749 ..\..\qModMaster\src\modbusadapter.cpp @ 276 Read Data failed.  "Error : Slave device or server failure" 
ERROR 2020-03-20T13:12:40.764 ..\..\qModMaster\src\modbusadapter.cpp @ 276 Read Data failed.  "Error : Slave device or server failure" 
ERROR 2020-03-20T13:12:41.778 ..\..\qModMaster\src\modbusadapter.cpp @ 276 Read Data failed.  "Error : Slave device or server failure" 
ERROR 2020-03-20T13:12:42.791 ..\..\qModMaster\src\modbusadapter.cpp @ 276 Read Data failed.  "Error : Slave device or server failure" 
ERROR 2020-03-20T13:12:43.805 ..\..\qModMaster\src\modbusadapter.cpp @ 276 Read Data failed.  "Error : Slave device or server failure" 
ERROR 2020-03-20T13:12:44.819 ..\..\qModMaster\src\modbusadapter.cpp @ 276 Read Data failed.  "Error : Slave device or server failure" 
ERROR 2020-03-20T13:12:45.834 ..\..\qModMaster\src\modbusadapter.cpp @ 276 Read Data failed.  "Error : Slave device or server failure" 
ERROR 2020-03-20T13:12:46.848 ..\..\qModMaster\src\modbusadapter.cpp @ 276 Read Data failed.  "Error : Slave device or server failure" 
ERROR 2020-03-20T13:12:47.862 ..\..\qModMaster\src\modbusadapter.cpp @ 276 Read Data failed.  "Error : Slave device or server failure" 
ERROR 2020-03-20T13:12:48.877 ..\..\qModMaster\src\modbusadapter.cpp @ 276 Read Data failed.  "Error : Slave device or server failure" 
ERROR 2020-03-20T13:12:49.889 ..\..\qModMaster\src\modbusadapter.cpp @ 276 Read Data failed.  "Error : Slave device or server failure" 
ERROR 2020-03-20T13:12:50.904 ..\..\qModMaster\src\modbusadapter.cpp @ 276 Read Data failed.  "Error : Slave device or server failure" 
ERROR 2020-03-20T13:12:51.917 ..\..\qModMaster\src\modbusadapter.cpp @ 276 Read Data failed.  "Error : Slave device or server failure" 
ERROR 2020-03-20T13:12:52.932 ..\..\qModMaster\src\modbusadapter.cpp @ 276 Read Data failed.  "Error : Slave device or server failure" 
ERROR 2020-03-20T13:12:53.946 ..\..\qModMaster\src\modbusadapter.cpp @ 276 Read Data failed.  "Error : Slave device or server failure" 
ERROR 2020-03-20T13:12:54.959 ..\..\qModMaster\src\modbusadapter.cpp @ 276 Read Data failed.  "Error : Slave device or server failure" 
ERROR 2020-03-20T13:12:55.973 ..\..\qModMaster\src\modbusadapter.cpp @ 276 Read Data failed.  "Error : Slave device or server failure" 
ERROR 2020-03-20T13:12:56.987 ..\..\qModMaster\src\modbusadapter.cpp @ 276 Read Data failed.  "Error : Slave device or server failure" 
ERROR 2020-03-20T13:12:58.002 ..\..\qModMaster\src\modbusadapter.cpp @ 276 Read Data failed.  "Error : Slave device or server failure" 
ERROR 2020-03-20T13:12:59.016 ..\..\qModMaster\src\modbusadapter.cpp @ 276 Read Data failed.  "Error : Slave device or server failure" 
ERROR 2020-03-20T13:13:00.030 ..\..\qModMaster\src\modbusadapter.cpp @ 276 Read Data failed.  "Error : Slave device or server failure" 
ERROR 2020-03-20T13:13:01.044 ..\..\qModMaster\src\modbusadapter.cpp @ 276 Read Data failed.  "Error : Slave device or server failure" 
ERROR 2020-03-20T13:13:02.057 ..\..\qModMaster\src\modbusadapter.cpp @ 276 Read Data failed.  "Error : Slave device or server failure" 
ERROR 2020-03-20T13:13:03.072 ..\..\qModMaster\src\modbusadapter.cpp @ 276 Read Data failed.  "Error : Slave device or server failure" 
ERROR 2020-03-20T13:13:04.085 ..\..\qModMaster\src\modbusadapter.cpp @ 276 Read Data failed.  "Error : Slave device or server failure" 
ERROR 2020-03-20T13:13:05.100 ..\..\qModMaster\src\modbusadapter.cpp @ 276 Read Data failed.  "Error : Slave device or server failure" 
ERROR 2020-03-20T13:13:06.114 ..\..\qModMaster\src\modbusadapter.cpp @ 276 Read Data failed.  "Error : Slave device or server failure" 
ERROR 2020-03-20T13:14:20.184 ..\..\qModMaster\src\modbusadapter.cpp @ 276 Read Data failed.  "Error : Slave device or server failure" 
ERROR 2020-03-20T13:14:21.199 ..\..\qModMaster\src\modbusadapter.cpp @ 276 Read Data failed.  "Error : Slave device or server failure" 
ERROR 2020-03-20T13:14:22.212 ..\..\qModMaster\src\modbusadapter.cpp @ 276 Read Data failed.  "Error : Slave device or server failure" 
ERROR 2020-03-20T13:14:23.227 ..\..\qModMaster\src\modbusadapter.cpp @ 276 Read Data failed.  "Error : Slave device or server failure" 
ERROR 2020-03-20T13:14:24.238 ..\..\qModMaster\src\modbusadapter.cpp @ 276 Read Data failed.  "Error : Slave device or server failure" 
ERROR 2020-03-20T13:18:16.400 ..\..\qModMaster\src\modbusadapter.cpp @ 276 Read Data failed.  "Error : Slave device or server failure" 
ERROR 2020-03-20T13:18:17.414 ..\..\qModMaster\src\modbusadapter.cpp @ 276 Read Data failed.  "Error : Slave device or server failure" 
ERROR 2020-03-20T13:46:01.044 ..\..\qModMaster\src\modbusadapter.cpp @ 276 Read Data failed.  "Error : Illegal data address" 
ERROR 2020-03-20T13:46:01.685 ..\..\qModMaster\src\modbusadapter.cpp @ 276 Read Data failed.  "Error : Illegal data address" 
ERROR 2020-03-20T13:46:16.454 ..\..\qModMaster\src\modbusadapter.cpp @ 361 Write Data failed.  "Error : Illegal data address" 
ERROR 2020-03-20T13:46:26.616 ..\..\qModMaster\src\modbusadapter.cpp @ 361 Write Data failed.  "Error : Illegal data address" 
ERROR 2020-03-20T13:46:31.302 ..\..\qModMaster\src\modbusadapter.cpp @ 361 Write Data failed.  "Error : Illegal data address" 
ERROR 2020-03-20T13:46:39.930 ..\..\qModMaster\src\modbusadapter.cpp @ 361 Write Data failed.  "Error : Illegal data address" 
ERROR 2020-03-20T13:46:40.944 ..\..\qModMaster\src\modbusadapter.cpp @ 361 Write Data failed.  "Error : Illegal data address" 
ERROR 2020-03-20T13:46:41.958 ..\..\qModMaster\src\modbusadapter.cpp @ 361 Write Data failed.  "Error : Illegal data address" 
ERROR 2020-03-20T13:46:42.973 ..\..\qModMaster\src\modbusadapter.cpp @ 361 Write Data failed.  "Error : Illegal data address" 
ERROR 2020-03-20T13:46:43.986 ..\..\qModMaster\src\modbusadapter.cpp @ 361 Write Data failed.  "Error : Illegal data address" 
ERROR 2020-03-20T13:46:44.415 ..\..\qModMaster\src\modbusadapter.cpp @ 276 Read Data failed.  "Error : Illegal data address" 
